SF:lib/app/models/accountsettings/AccountSettings.g.dart
DA:9,0
DA:19,0
DA:22,0
DA:24,0
DA:27,0
DA:29,0
DA:30,0
DA:33,0
DA:35,0
DA:36,0
DA:39,0
DA:41,0
DA:42,0
DA:45,0
DA:47,0
DA:48,0
DA:51,0
DA:53,0
DA:54,0
DA:60,0
DA:64,0
DA:66,0
DA:67,0
DA:68,0
DA:69,0
DA:70,0
DA:72,0
DA:73,0
DA:76,0
DA:77,0
DA:80,0
DA:81,0
DA:84,0
DA:85,0
DA:88,0
DA:89,0
DA:92,0
DA:93,0
DA:99,0
DA:117,1
DA:118,3
DA:120,1
DA:127,1
DA:128,1
DA:129,0
DA:133,0
DA:135,0
DA:137,0
DA:139,0
DA:141,0
DA:144,0
DA:145,0
DA:146,0
DA:147,0
DA:148,0
DA:149,0
DA:150,0
DA:153,0
DA:155,0
DA:156,0
DA:157,0
DA:158,0
DA:159,0
DA:160,0
DA:161,0
DA:162,0
DA:165,0
DA:167,0
DA:168,0
DA:169,0
DA:170,0
DA:171,0
DA:172,0
DA:173,0
DA:174,0
DA:183,3
DA:184,0
DA:187,3
DA:188,0
DA:191,3
DA:192,0
DA:195,3
DA:196,0
DA:199,3
DA:200,0
DA:203,3
DA:204,3
DA:206,1
DA:208,1
DA:209,1
DA:210,0
DA:211,0
DA:212,0
DA:213,0
DA:214,0
DA:215,0
DA:216,0
DA:221,1
DA:224,0
DA:226,1
DA:229,1
DA:231,1
DA:234,1
DA:236,1
DA:237,1
DA:238,1
DA:239,1
DA:240,1
DA:241,1
DA:242,1
DA:243,1
DA:244,1
LF:112
LH:29
end_of_record
SF:lib/app/models/accountsettings/AccountSettings.dart
DA:30,0
DA:32,0
DA:36,0
DA:37,0
DA:40,0
DA:42,1
LF:6
LH:1
end_of_record
SF:lib/app/models/serializers.dart
DA:16,0
DA:17,0
LF:2
LH:0
end_of_record
SF:lib/app/models/serializers.g.dart
DA:9,0
LF:1
LH:0
end_of_record
