SF:lib/app/AuthManager.dart
DA:16,1
DA:17,1
DA:23,1
DA:25,1
DA:26,0
DA:28,1
DA:29,0
DA:30,0
DA:32,1
DA:33,1
DA:34,1
DA:35,1
DA:37,0
DA:38,0
DA:40,0
DA:41,0
DA:44,0
LF:17
LH:9
end_of_record
SF:lib/app/MainBlocDelegate.dart
DA:13,1
DA:15,1
DA:16,1
DA:19,0
DA:21,0
DA:22,0
DA:25,0
DA:27,0
DA:28,0
LF:9
LH:3
end_of_record
SF:lib/app/MyApp.dart
DA:18,2
DA:19,1
DA:21,1
DA:22,1
DA:27,1
DA:31,1
DA:34,1
LF:7
LH:7
end_of_record
SF:lib/app/keys.dart
DA:20,0
LF:1
LH:0
end_of_record
SF:lib/app/account_settings/AccountSettingsPage.dart
DA:14,0
DA:16,0
DA:18,0
DA:19,0
DA:20,0
DA:22,0
DA:23,0
DA:26,0
DA:28,0
LF:9
LH:0
end_of_record
SF:lib/app/account_settings/bloc/AccountSettingsBloc.dart
DA:17,1
DA:19,1
DA:20,1
DA:24,1
DA:31,1
DA:32,1
DA:33,0
DA:35,1
DA:36,0
DA:38,1
DA:39,0
DA:40,0
DA:41,0
DA:44,2
LF:14
LH:9
end_of_record
SF:lib/app/account_settings/bloc/AccountSettingsEvent.dart
DA:13,1
DA:14,0
DA:15,0
LF:3
LH:1
end_of_record
SF:lib/app/account_settings/bloc/AccountSettingsState.dart
DA:16,1
DA:17,2
DA:18,1
DA:19,2
DA:28,0
DA:29,0
DA:30,0
LF:7
LH:4
end_of_record
SF:lib/app/account_settings/bloc/AccountSettingsDataProvider.dart
DA:14,0
DA:20,0
LF:2
LH:0
end_of_record
SF:lib/app/account_settings/bloc/AccountSettingsDataRepository.dart
DA:19,0
DA:20,0
DA:23,0
DA:24,0
LF:4
LH:0
end_of_record
SF:lib/app/account_settings/custom_widgets/user_name_label.dart
DA:14,1
DA:16,1
DA:17,0
DA:18,0
DA:20,1
DA:21,1
DA:22,3
LF:7
LH:5
end_of_record
SF:lib/app/account_settings/models/AccountSettings.g.dart
DA:9,0
DA:19,0
DA:22,0
DA:23,0
DA:25,0
DA:26,0
DA:29,0
DA:31,0
DA:32,0
DA:35,0
DA:37,0
DA:38,0
DA:41,0
DA:43,0
DA:44,0
DA:50,0
DA:54,0
DA:56,0
DA:57,0
DA:58,0
DA:59,0
DA:60,0
DA:62,0
DA:63,0
DA:66,0
DA:67,0
DA:70,0
DA:71,0
DA:74,0
DA:75,0
DA:81,0
DA:95,2
DA:96,6
DA:98,2
DA:100,2
DA:102,0
DA:104,0
DA:106,0
DA:108,0
DA:110,1
DA:113,1
DA:114,3
DA:115,3
DA:116,3
DA:117,3
DA:120,0
DA:122,0
DA:123,0
DA:124,0
DA:127,0
DA:129,0
DA:130,0
DA:131,0
DA:132,0
DA:133,0
DA:134,0
DA:143,6
DA:144,0
DA:147,6
DA:148,0
DA:151,6
DA:152,0
DA:155,6
DA:156,0
DA:158,2
DA:160,2
DA:161,2
DA:162,0
DA:163,0
DA:164,0
DA:165,0
DA:166,0
DA:171,2
DA:174,0
DA:176,2
DA:179,2
DA:181,0
DA:184,2
DA:186,2
DA:187,2
DA:188,2
DA:189,2
DA:190,2
DA:191,2
DA:192,2
LF:85
LH:28
end_of_record
SF:lib/app/account_settings/models/AccountSettings.dart
DA:20,1
DA:31,1
DA:34,1
DA:37,0
DA:39,0
DA:43,0
DA:44,0
DA:47,0
DA:49,2
LF:9
LH:4
end_of_record
SF:lib/app/models/serializers.dart
DA:18,0
DA:19,0
LF:2
LH:0
end_of_record
SF:lib/app/models/serializers.g.dart
DA:9,0
LF:1
LH:0
end_of_record
SF:lib/app/content_creator/bloc/ContentCreatorBloc.dart
DA:15,1
DA:17,1
DA:18,1
DA:21,0
DA:24,0
LF:5
LH:3
end_of_record
SF:lib/app/content_creator/bloc/ContentCreatorEvent.dart
DA:12,0
DA:13,0
DA:14,0
LF:3
LH:0
end_of_record
SF:lib/app/content_creator/bloc/ContentCreatorState.dart
DA:13,1
DA:14,1
DA:15,1
LF:3
LH:3
end_of_record
SF:lib/app/content_creator/bloc/ContentCreatorDataProvider.dart
DA:13,0
DA:19,0
LF:2
LH:0
end_of_record
SF:lib/app/content_creator/models/Document.dart
DA:28,0
DA:30,0
DA:33,0
DA:34,0
DA:37,0
DA:39,0
LF:6
LH:0
end_of_record
SF:lib/app/content_creator/models/Document.g.dart
DA:9,0
DA:17,0
DA:20,0
DA:22,0
DA:25,0
DA:27,0
DA:28,0
DA:34,0
DA:37,0
DA:39,0
DA:40,0
DA:41,0
DA:42,0
DA:43,0
DA:45,0
DA:46,0
DA:49,0
DA:50,0
DA:56,0
DA:66,0
DA:67,0
DA:69,0
DA:70,0
DA:71,0
DA:75,0
DA:77,0
DA:79,0
DA:80,0
DA:82,0
DA:85,0
DA:88,0
DA:90,0
DA:93,0
DA:95,0
DA:96,0
DA:97,0
DA:98,0
DA:106,0
DA:107,0
DA:110,0
DA:111,0
DA:113,0
DA:115,0
DA:116,0
DA:117,0
DA:118,0
DA:119,0
DA:124,0
DA:127,0
DA:129,0
DA:132,0
DA:134,0
DA:137,0
DA:139,0
DA:140,0
LF:55
LH:0
end_of_record
SF:lib/app/home_page/HomePage.dart
DA:17,2
DA:19,1
DA:21,1
DA:22,1
DA:23,1
DA:24,1
DA:25,2
DA:27,2
DA:30,1
DA:31,1
LF:10
LH:10
end_of_record
SF:lib/app/home_page/HomePageManager.dart
DA:17,1
DA:19,1
DA:20,0
DA:21,0
DA:22,1
DA:23,1
DA:24,1
DA:27,1
DA:28,1
DA:29,1
DA:32,1
DA:33,1
DA:34,2
DA:35,1
DA:36,1
DA:43,1
DA:44,3
DA:45,2
DA:46,2
DA:47,1
DA:48,1
DA:50,1
DA:51,1
DA:53,1
DA:54,1
DA:55,2
DA:56,3
DA:57,1
DA:58,1
DA:59,4
DA:60,0
DA:62,0
DA:65,0
DA:67,0
DA:68,0
DA:69,0
LF:36
LH:28
end_of_record
SF:lib/app/log_in_page/LogInPage.dart
DA:13,0
DA:30,0
DA:32,0
DA:33,0
DA:34,0
DA:36,0
DA:37,0
DA:38,0
DA:40,0
LF:9
LH:0
end_of_record
SF:lib/app/page_manager/bloc/PageManagerBloc.dart
DA:17,1
DA:19,1
DA:20,1
DA:24,1
DA:28,1
DA:29,1
DA:30,0
DA:31,0
DA:32,0
DA:33,0
DA:35,1
DA:36,0
DA:37,0
DA:40,2
LF:14
LH:8
end_of_record
SF:lib/app/page_manager/bloc/PageManagerEvent.dart
DA:15,0
DA:16,1
DA:17,0
DA:18,0
DA:25,0
DA:27,0
DA:29,0
DA:30,0
DA:31,0
DA:32,0
DA:37,0
DA:38,0
DA:39,0
LF:13
LH:1
end_of_record
SF:lib/app/page_manager/bloc/PageManagerState.dart
DA:17,1
DA:18,4
DA:19,1
DA:20,2
DA:25,0
DA:26,0
DA:27,0
DA:35,0
DA:36,0
DA:37,0
LF:10
LH:4
end_of_record
SF:lib/app/page_manager/bloc/PageManagerDataProvider.dart
DA:15,0
DA:19,0
DA:20,0
DA:26,0
DA:29,0
DA:30,0
LF:6
LH:0
end_of_record
SF:lib/app/page_manager/bloc/PageManagerDataRepository.dart
DA:17,0
DA:20,0
DA:21,0
DA:25,0
DA:26,0
LF:5
LH:0
end_of_record
SF:lib/app/page_manager/models/PageManagerModel.g.dart
DA:9,0
DA:19,0
DA:22,0
DA:24,0
DA:27,0
DA:29,0
DA:30,0
DA:36,0
DA:40,0
DA:42,0
DA:43,0
DA:44,0
DA:45,0
DA:46,0
DA:48,0
DA:49,0
DA:52,0
DA:53,0
DA:59,0
DA:69,1
DA:71,3
DA:73,2
DA:74,1
DA:75,0
DA:79,0
DA:81,0
DA:83,0
DA:85,0
DA:87,1
DA:90,1
DA:91,3
DA:92,3
DA:95,0
DA:97,0
DA:100,0
DA:102,0
DA:103,0
DA:104,0
DA:105,0
DA:114,3
DA:115,1
DA:116,2
DA:119,3
DA:120,0
DA:122,1
DA:124,1
DA:125,1
DA:126,0
DA:127,0
DA:128,0
DA:133,1
DA:136,0
DA:138,1
DA:141,1
DA:143,1
DA:146,1
DA:148,1
DA:149,1
DA:150,2
DA:151,1
LF:60
LH:24
end_of_record
SF:lib/app/page_manager/models/PageManagerModel.dart
DA:23,0
DA:25,0
DA:28,0
DA:29,0
DA:32,0
DA:34,1
LF:6
LH:1
end_of_record
SF:lib/app/sign_in_page/SignInPage.dart
DA:11,0
DA:13,0
DA:15,0
DA:16,0
DA:17,0
DA:19,0
DA:20,0
DA:23,0
DA:25,0
LF:9
LH:0
end_of_record
